<?xml version="1.0" encoding="UTF-8"?>
<!-- Generated by org.testng.reporters.JUnitXMLReporter -->
<testsuite ignored="0" hostname="DESKTOP-9PBD117" failures="0" tests="4" name="Test" time="0.118" errors="0" timestamp="2022-10-05T13:35:06 IST">
  <testcase classname="scripts.Test3" name="tc1" time="0.012"/>
  <testcase classname="scripts.Test2" name="tc1" time="0.002"/>
  <testcase classname="scripts.Test1" name="tc2" time="0.004"/>
  <testcase classname="scripts.Test0" name="tc1" time="0.008"/>
</testsuite> <!-- Test -->
