<?xml version="1.0" encoding="UTF-8"?>
<testng-results ignored="0" total="4" passed="4" failed="0" skipped="0">
  <reporter-output>
    <line>
      <![CDATA[hello pythonSelenium]]>
    </line>
    <line>
      <![CDATA[hello javaSelenium]]>
    </line>
    <line>
      <![CDATA[hello python]]>
    </line>
    <line>
      <![CDATA[hello java]]>
    </line>
  </reporter-output>
  <suite started-at="2022-10-05T13:35:05 IST" name="Suite" finished-at="2022-10-05T13:35:05 IST" duration-ms="118">
    <groups>
    </groups>
    <test started-at="2022-10-05T13:35:05 IST" name="Test" finished-at="2022-10-05T13:35:05 IST" duration-ms="118">
      <class name="scripts.Test1">
        <test-method signature="tc2()[pri:0, instance:scripts.Test1@7ea9e1e2]" started-at="2022-10-05T13:35:05 IST" name="tc2" finished-at="2022-10-05T13:35:05 IST" duration-ms="4" status="PASS">
          <reporter-output>
            <line>
              <![CDATA[hello python]]>
            </line>
          </reporter-output>
        </test-method> <!-- tc2 -->
      </class> <!-- scripts.Test1 -->
      <class name="scripts.Test0">
        <test-method signature="tc1()[pri:0, instance:scripts.Test0@24fcf36f]" started-at="2022-10-05T13:35:05 IST" name="tc1" finished-at="2022-10-05T13:35:05 IST" duration-ms="8" status="PASS">
          <reporter-output>
            <line>
              <![CDATA[hello java]]>
            </line>
          </reporter-output>
        </test-method> <!-- tc1 -->
      </class> <!-- scripts.Test0 -->
      <class name="scripts.Test3">
        <test-method signature="tc1()[pri:0, instance:scripts.Test3@702b8b12]" started-at="2022-10-05T13:35:05 IST" name="tc1" finished-at="2022-10-05T13:35:05 IST" duration-ms="12" status="PASS">
          <reporter-output>
            <line>
              <![CDATA[hello pythonSelenium]]>
            </line>
          </reporter-output>
        </test-method> <!-- tc1 -->
      </class> <!-- scripts.Test3 -->
      <class name="scripts.Test2">
        <test-method signature="tc1()[pri:0, instance:scripts.Test2@3059cbc]" started-at="2022-10-05T13:35:05 IST" name="tc1" finished-at="2022-10-05T13:35:05 IST" duration-ms="2" status="PASS">
          <reporter-output>
            <line>
              <![CDATA[hello javaSelenium]]>
            </line>
          </reporter-output>
        </test-method> <!-- tc1 -->
      </class> <!-- scripts.Test2 -->
    </test> <!-- Test -->
  </suite> <!-- Suite -->
</testng-results>
